INIT: MenuBaseDLL Initialisation
DEBUG: baseAddr		   0x00007FF7376B0000   llu   0x140699763408896
DEBUG: endAddr		    0x00007FF73BF8B000   llu   0x140699839803392
DEBUG: C:\Program Files\Epic Games\GTAV\GTA5.exe		   0x00007FF7376B0000   llu   0x140699763408896
DEBUG: C:\Users\themo\OneDrive\Documents\GitHub\Modding\x64\Debug\MenuBase.dll		   0x00007FFE03F30000   llu   0x140728964677632
DEBUG:   ---->  Getting hooks...

DEBUG: address p 0x00007FF73812C674 llu 0x140699774404212
DEBUG: FindPattern Hooking::m_fpIsDLCPresentTarget     0x00007FF73812C674   llu  140699774404212
DEBUG: ==============================================================================================================
DEBUG:   ---->  Getting vector3 result fixer func...

DEBUG: address p 0x00007FF738C876B0 llu 0x140699786311344
DEBUG: FindPattern Hooking::m_fpSetVectorsResults     0x00007FF738C876B0   llu  140699786311344
DEBUG: ==============================================================================================================
DEBUG:   ---->  Getting native registration table...

DEBUG: address p 0x00007FF738C8A959 llu 0x140699786324313
DEBUG: location 0x00007FF738C8A95C llu 0x4294967248
DEBUG: NativeTable 0x00007FF73A45E930 llu 0x140699811309872
DEBUG: ======================================================

DEBUG: Initializing Native Map...
DEBUG: Native Map Initialized OK

DEBUG: MH_Initialize Initialized OK
DEBUG: MH_CreateHook : OK
DEBUG: MH_CreateHook : OK
DEBUG: HookNatives Initialized OK
DEBUG: MH_DisableHook : OK
DEBUG: MH_RemoveHook : OK
DEBUG: FreeLibraryAndExitThread
